<?xml version="1.0" encoding="UTF-8"?>
<testsuite xmlns:xsi="http://www.w3.org/2001/XMLSchema-instance" xsi:noNamespaceSchemaLocation="https://maven.apache.org/surefire/maven-surefire-plugin/xsd/surefire-test-report-3.0.xsd" version="3.0" name="com.example.restservice.RestserviceApplicationTests" time="2.167" tests="1" errors="0" skipped="0" failures="0">
  <properties>
[...]
</properties>
  <testcase name="contextLoads" classname="com.example.restservice.RestserviceApplicationTests" time="0.69">
    <system-out><![CDATA[00:32:21.697 [main] INFO org.springframework.test.context.support.AnnotationConfigContextLoaderUtils -- Could not detect default configuration classes for test class [com.example.restservice.RestserviceApplicationTests]: RestserviceApplicationTests does not declare any static, non-private, non-final, nested classes annotated with @Configuration.
00:32:21.796 [main] INFO org.springframework.boot.test.context.SpringBootTestContextBootstrapper -- Found @SpringBootConfiguration com.example.restservice.RestserviceApplication for test class com.example.restservice.RestserviceApplicationTests

  .   ____          _            __ _ _
 /\\ / ___'_ __ _ _(_)_ __  __ _ \ \ \ \
( ( )\___ | '_ | '_| | '_ \/ _` | \ \ \ \
 \\/  ___)| |_)| | | | | || (_| |  ) ) ) )
  '  |____| .__|_| |_|_| |_\__, | / / / /
 =========|_|==============|___/=/_/_/_/
 :: Spring Boot ::                (v3.1.1)

2023-06-23T00:32:22.095-05:00  INFO 14272 --- [           main] c.e.r.RestserviceApplicationTests        : Starting RestserviceApplicationTests using Java 19 with PID 14272 (started by Sebastian in d:\Archivos\Code\Spring\service\rest\restservice)
2023-06-23T00:32:22.096-05:00  INFO 14272 --- [           main] c.e.r.RestserviceApplicationTests        : No active profile set, falling back to 1 default profile: "default"
2023-06-23T00:32:23.026-05:00  INFO 14272 --- [           main] c.e.r.RestserviceApplicationTests        : Started RestserviceApplicationTests in 1.123 seconds (process running for 1.925)
]]></system-out>
  </testcase>
</testsuite>